<?xml version="1.0" encoding="UTF-8"?>
<!-- Generated by org.testng.reporters.JUnitReportReporter -->
<testsuite hostname="RAJA" failures="0" tests="1" name="testCases.TC_001_AccountRegistrationTest" time="4.952" errors="0" timestamp="2025-02-14T17:12:28 IST" skipped="0">
  <testcase classname="testCases.TC_001_AccountRegistrationTest" name="verify_account_registration" time="4.952"/>
</testsuite> <!-- testCases.TC_001_AccountRegistrationTest -->
