<?xml version="1.0" encoding="UTF-8"?>
<!-- Generated by org.testng.reporters.JUnitReportReporter -->
<testsuite hostname="RAJA" failures="0" tests="1" name="testCases.TC_005_AddToCartPageTest" time="2.787" errors="0" timestamp="2025-02-14T17:12:28 IST" skipped="0">
  <testcase classname="testCases.TC_005_AddToCartPageTest" name="verify_addToCart" time="2.787"/>
</testsuite> <!-- testCases.TC_005_AddToCartPageTest -->
